Arguments: 
  /usr/local/bin/node /usr/local/Cellar/yarn/1.5.1_1/libexec/bin/yarn.js start

PATH: 
  /usr/local/bin:/usr/bin:/bin:/usr/sbin:/sbin

Yarn version: 
  1.5.1

Node version: 
  8.11.1

Platform: 
  darwin x64

npm manifest: 
  {
    "name": "apollo-recipes",
    "version": "1.0.0",
    "description": "React-Apollo-GraphQL project",
    "main": "index.js",
    "scripts": {
      "test": "echo \"Error: no test specified\" && exit 1",
      "server": "nodemon server.js",
      "client": "cd client && npm start",
      "dev": "concurrently --names \"server,client\" \"npm run server --silent\" \"npm run client --silent\""
    },
    "repository": {
      "type": "git",
      "url": "git+https://github.com/MrRinsvind/apollo-recipes.git"
    },
    "keywords": [
      "React",
      "Apollo",
      "client",
      "node",
      "GraphQL",
      "apollo-server"
    ],
    "author": "MrRinsvind (Lutsenko Illia)",
    "license": "ISC",
    "bugs": {
      "url": "https://github.com/MrRinsvind/apollo-recipes/issues"
    },
    "homepage": "https://github.com/MrRinsvind/apollo-recipes#readme",
    "dependencies": {
      "apollo-server-express": "^1.3.6",
      "bcrypt": "^3.0.0",
      "body-parser": "^1.18.3",
      "concurrently": "^4.0.0",
      "cors": "^2.8.4",
      "dotenv": "^6.0.0",
      "express": "^4.16.3",
      "graphql": "^0.13.2",
      "graphql-tools": "^3.1.1",
      "jsonwebtoken": "^8.3.0",
      "mongoose": "^5.2.8"
    },
    "devDependencies": {
      "nodemon": "^1.18.3"
    }
  }

yarn manifest: 
  No manifest

Lockfile: 
  No lockfile

Trace: 
  Error: Command failed.
  Exit code: 1
  Command: sh
  Arguments: -c node server.js
  Directory: /Users/ilyalucenko/Desktop/projects/apollo-recipes
  Output:
  
      at ProcessTermError.MessageError (/usr/local/Cellar/yarn/1.5.1_1/libexec/lib/cli.js:186:110)
      at new ProcessTermError (/usr/local/Cellar/yarn/1.5.1_1/libexec/lib/cli.js:226:113)
      at ChildProcess.<anonymous> (/usr/local/Cellar/yarn/1.5.1_1/libexec/lib/cli.js:30281:17)
      at emitTwo (events.js:126:13)
      at ChildProcess.emit (events.js:214:7)
      at maybeClose (internal/child_process.js:925:16)
      at Process.ChildProcess._handle.onexit (internal/child_process.js:209:5)
